\BOOKMARK [-1][-]{part.1}{\376\377\000I\000\040\000S\000t\000a\000r\000t\000e\000r\000s\000\040\000a\000n\000d\000\040\000F\000i\000n\000g\000e\000r\000f\000o\000o\000d}{}% 1
\BOOKMARK [0][-]{chapter.1}{\376\377\000S\000t\000a\000r\000t\000e\000r\000\040\000D\000i\000s\000h\000e\000s}{part.1}% 2
\BOOKMARK [1][-]{section*.2}{\376\377\000S\000a\000l\000m\000o\000n\000\040\000T\000a\000t\000a\000r}{chapter.1}% 3
\BOOKMARK [0][-]{chapter.2}{\376\377\000F\000i\000n\000g\000e\000r\000f\000o\000o\000d}{part.1}% 4
\BOOKMARK [1][-]{section*.3}{\376\377\000H\000u\000m\000m\000u\000s\000\040\000a\000\040\000l\000a\000\040\000T\000u\000r\000k\000a}{chapter.2}% 5
\BOOKMARK [1][-]{section*.4}{\376\377\000T\000z\000a\000t\000z\000i\000k\000i}{chapter.2}% 6
\BOOKMARK [1][-]{section*.5}{\376\377\000M\000e\000l\000i\000t\000z\000a\000n\000o\000s\000s\000a\000l\000a\000t\000a\000\040\000\050\000E\000g\000g\000p\000l\000a\000n\000t\000\040\000P\000u\000r\000\351\000e\000\051}{chapter.2}% 7
\BOOKMARK [1][-]{section*.6}{\376\377\000D\000o\000l\000m\000a\000d\000e\000s\000\040\000\050\000F\000i\000l\000l\000e\000d\000\040\000V\000i\000n\000e\000\040\000L\000e\000a\000v\000e\000s\000\051}{chapter.2}% 8
\BOOKMARK [-1][-]{part.2}{\376\377\000I\000I\000\040\000M\000a\000i\000n\000\040\000D\000i\000s\000h\000e\000s}{}% 9
\BOOKMARK [0][-]{chapter.3}{\376\377\000I\000n\000d\000i\000a\000n}{part.2}% 10
\BOOKMARK [1][-]{section*.7}{\376\377\000B\000u\000t\000t\000e\000r\000\040\000C\000h\000i\000c\000k\000e\000n}{chapter.3}% 11
\BOOKMARK [1][-]{section*.8}{\376\377\000P\000u\000n\000j\000a\000b\000i\000\040\000P\000a\000l\000a\000k\000\040\000P\000a\000n\000e\000e\000r}{chapter.3}% 12
\BOOKMARK [1][-]{section*.9}{\376\377\000M\000u\000t\000t\000o\000n\000\040\000R\000o\000g\000a\000n\000\040\000J\000o\000s\000h}{chapter.3}% 13
\BOOKMARK [0][-]{chapter.4}{\376\377\000M\000e\000d\000i\000t\000e\000r\000r\000a\000n\000e\000a\000n}{part.2}% 14
\BOOKMARK [1][-]{section*.10}{\376\377\000A\000c\000h\000n\000i\000s\000t\000a\000\040\000M\000y\000d\000i\000a\000\040\000\050\000S\000t\000e\000a\000m\000e\000d\000\040\000M\000u\000s\000s\000e\000l\000s\000\051}{chapter.4}% 15
\BOOKMARK [1][-]{section*.11}{\376\377\000S\000t\000i\000f\000a\000d\000o\000\040\000\050\000B\000r\000a\000i\000s\000e\000d\000\040\000B\000e\000e\000f\000\040\000w\000i\000t\000h\000\040\000O\000n\000i\000o\000n\000s\000\051}{chapter.4}% 16
\BOOKMARK [1][-]{section*.12}{\376\377\000S\000h\000a\000k\000s\000h\000o\000u\000k\000a}{chapter.4}% 17
\BOOKMARK [1][-]{section*.13}{\376\377\000G\000r\000e\000e\000k\000\040\000T\000o\000m\000a\000t\000o\000\040\000F\000e\000t\000a\000\040\000S\000o\000u\000p}{chapter.4}% 18
\BOOKMARK [0][-]{chapter.5}{\376\377\000T\000h\000a\000i}{part.2}% 19
\BOOKMARK [1][-]{section*.14}{\376\377\000R\000e\000d\000\040\000T\000h\000a\000i\000\040\000C\000u\000r\000r\000y}{chapter.5}% 20
\BOOKMARK [0][-]{chapter.6}{\376\377\000F\000r\000e\000n\000c\000h}{part.2}% 21
\BOOKMARK [1][-]{section*.15}{\376\377\000B\001\123\000u\000f\000\040\000e\000n\000\040\000D\000a\000u\000b\000e\000\040\000\340\000\040\000l\000a\000\040\000P\000r\000o\000v\000e\000n\000\347\000a\000l\000e}{chapter.6}% 22
\BOOKMARK [1][-]{section*.16}{\376\377\000S\000p\000i\000n\000a\000c\000h\000\040\000S\000a\000l\000m\000o\000n\000\040\000Q\000u\000i\000c\000h\000e}{chapter.6}% 23
\BOOKMARK [1][-]{section*.17}{\376\377\000C\000o\000q\000\040\000a\000u\000\040\000V\000i\000n}{chapter.6}% 24
\BOOKMARK [0][-]{chapter.7}{\376\377\000I\000t\000a\000l\000i\000a\000n}{part.2}% 25
\BOOKMARK [1][-]{section*.18}{\376\377\000P\000a\000s\000t\000a\000\040\000a\000l\000\040\000l\000i\000m\000o\000n\000e}{chapter.7}% 26
\BOOKMARK [1][-]{section*.19}{\376\377\000P\000e\000n\000n\000e\000\040\000a\000l\000l\000a\000\040\000V\000o\000d\000k\000a}{chapter.7}% 27
\BOOKMARK [0][-]{chapter.8}{\376\377\000O\000t\000h\000e\000r}{part.2}% 28
\BOOKMARK [1][-]{section*.20}{\376\377\000S\000a\000l\000m\000o\000n\000\040\000w\000i\000t\000h\000\040\000S\000p\000i\000n\000a\000c\000h\000\040\000a\000n\000d\000\040\000M\000u\000s\000h\000r\000o\000o\000m\000s}{chapter.8}% 29
\BOOKMARK [1][-]{section*.21}{\376\377\000O\000n\000e\000-\000p\000o\000t\000\040\000S\000p\000i\000n\000a\000c\000h\000\040\000C\000h\000i\000c\000k\000e\000n}{chapter.8}% 30
\BOOKMARK [-1][-]{part.3}{\376\377\000I\000I\000I\000\040\000D\000e\000s\000s\000e\000r\000t\000s}{}% 31
\BOOKMARK [0][-]{chapter.9}{\376\377\000C\000o\000l\000d\000\040\000D\000e\000s\000s\000e\000r\000t\000s}{part.3}% 32
\BOOKMARK [1][-]{section*.22}{\376\377\000T\000i\000r\000a\000m\000i\000s\000u}{chapter.9}% 33
\BOOKMARK [1][-]{section*.23}{\376\377\000V\000a\000n\000i\000l\000l\000a\000\040\000C\000r\000\350\000m\000e\000\040\000P\000\342\000t\000i\000s\000s\000i\000\350\000r\000e}{chapter.9}% 34
\BOOKMARK [0][-]{chapter.10}{\376\377\000W\000a\000r\000m\000\040\000D\000e\000s\000s\000e\000r\000t\000s}{part.3}% 35
\BOOKMARK [-1][-]{part.4}{\376\377\000I\000V\000\040\000B\000a\000k\000i\000n\000g}{}% 36
\BOOKMARK [0][-]{chapter.11}{\376\377\000B\000a\000s\000i\000c\000\040\000D\000o\000u\000g\000h\000s}{part.4}% 37
\BOOKMARK [1][-]{section*.24}{\376\377\000G\000a\000r\000l\000i\000c\000\040\000N\000a\000a\000n}{chapter.11}% 38
\BOOKMARK [1][-]{section*.25}{\376\377\000P\000i\000z\000z\000a\000\040\000D\000o\000u\000g\000h}{chapter.11}% 39
\BOOKMARK [1][-]{section*.26}{\376\377\000P\000\342\000t\000e\000\040\000B\000r\000i\000s\000\351\000e}{chapter.11}% 40
\BOOKMARK [1][-]{section*.27}{\376\377\000S\000a\000n\000d\000w\000i\000c\000h\000\040\000B\000r\000e\000a\000d}{chapter.11}% 41
\BOOKMARK [1][-]{section*.28}{\376\377\000P\000a\000s\000t\000a\000\040\000D\000o\000u\000g\000h}{chapter.11}% 42
\BOOKMARK [1][-]{section*.29}{\376\377\000C\000i\000a\000b\000a\000t\000t\000a}{chapter.11}% 43
\BOOKMARK [1][-]{section*.30}{\376\377\000C\000h\000a\000l\000l\000a\000h\000\040\000B\000r\000e\000a\000d}{chapter.11}% 44
\BOOKMARK [0][-]{chapter.12}{\376\377\000S\000w\000e\000e\000t\000\040\000B\000a\000k\000i\000n\000g}{part.4}% 45
\BOOKMARK [1][-]{section*.31}{\376\377\000C\000r\000o\000i\000s\000s\000a\000n\000t\000s}{chapter.12}% 46
\BOOKMARK [1][-]{section*.32}{\376\377\000B\000i\000s\000c\000u\000i\000t\000\040\000C\000a\000k\000e}{chapter.12}% 47
\BOOKMARK [1][-]{section*.33}{\376\377\000P\000u\000m\000p\000k\000i\000n\000\040\000C\000a\000k\000e}{chapter.12}% 48
\BOOKMARK [1][-]{section*.34}{\376\377\000C\000h\000o\000c\000o\000l\000a\000t\000e\000\040\000C\000h\000i\000p\000\040\000C\000o\000o\000k\000i\000e\000s}{chapter.12}% 49
\BOOKMARK [1][-]{section*.35}{\376\377\000C\000r\000\352\000p\000e\000s}{chapter.12}% 50
\BOOKMARK [1][-]{section*.36}{\376\377\000W\000a\000f\000f\000l\000e\000s}{chapter.12}% 51
\BOOKMARK [1][-]{section*.37}{\376\377\000P\000a\000n\000c\000a\000k\000e\000s}{chapter.12}% 52
\BOOKMARK [1][-]{section*.38}{\376\377\000B\000l\000u\000e\000b\000e\000r\000r\000y\000\040\000M\000u\000f\000f\000i\000n\000s}{chapter.12}% 53
\BOOKMARK [1][-]{section*.39}{\376\377\000C\000i\000n\000n\000a\000m\000o\000n\000\040\000R\000o\000l\000l\000s}{chapter.12}% 54
\BOOKMARK [0][-]{section*.40}{\376\377\000R\000E\000C\000I\000P\000E\000S\000\040\000A\000-\000Z}{part.4}% 55
